<?xml version="1.0" encoding="UTF-8"?>
<testng-results ignored="0" total="1" passed="1" failed="0" skipped="0">
  <reporter-output>
  </reporter-output>
  <suite started-at="2023-04-15T15:40:21 CDT" name="Default suite" finished-at="2023-04-15T15:40:35 CDT" duration-ms="14109">
    <groups>
      <group name="cucumber">
        <method signature="AbstractTestNGCucumberTests.feature(cucumber.api.testng.CucumberFeatureWrapper)[pri:0, instance:SunShineContactRunner.SunShineContactTestRunner@5386659f]" name="feature" class="cucumber.api.testng.AbstractTestNGCucumberTests"/>
      </group> <!-- cucumber -->
    </groups>
    <test started-at="2023-04-15T15:40:21 CDT" name="Default test" finished-at="2023-04-15T15:40:35 CDT" duration-ms="14109">
      <class name="SunShineContactRunner.SunShineContactTestRunner">
        <test-method is-config="true" signature="SunShineContactOpenURL()[pri:0, instance:SunShineContactRunner.SunShineContactTestRunner@5386659f]" started-at="2023-04-15T15:40:21 CDT" name="SunShineContactOpenURL" finished-at="2023-04-15T15:40:26 CDT" duration-ms="4669" status="PASS">
          <reporter-output>
          </reporter-output>
        </test-method> <!-- SunShineContactOpenURL -->
        <test-method is-config="true" signature="setUpClass()[pri:0, instance:SunShineContactRunner.SunShineContactTestRunner@5386659f]" started-at="2023-04-15T15:40:26 CDT" name="setUpClass" finished-at="2023-04-15T15:40:26 CDT" duration-ms="257" status="PASS">
          <reporter-output>
          </reporter-output>
        </test-method> <!-- setUpClass -->
        <test-method signature="feature(cucumber.api.testng.CucumberFeatureWrapper)[pri:0, instance:SunShineContactRunner.SunShineContactTestRunner@5386659f]" started-at="2023-04-15T15:40:26 CDT" name="feature" description="Runs Cucumber Feature" data-provider="features" finished-at="2023-04-15T15:40:35 CDT" duration-ms="8530" status="PASS">
          <params>
            <param index="0">
              <value>
                <![CDATA[This is a Contact Page Functionalities]]>
              </value>
            </param>
          </params>
          <reporter-output>
          </reporter-output>
        </test-method> <!-- feature -->
        <test-method is-config="true" signature="tearDownClass()[pri:0, instance:SunShineContactRunner.SunShineContactTestRunner@5386659f]" started-at="2023-04-15T15:40:35 CDT" name="tearDownClass" finished-at="2023-04-15T15:40:35 CDT" duration-ms="15" status="PASS">
          <reporter-output>
          </reporter-output>
        </test-method> <!-- tearDownClass -->
        <test-method is-config="true" signature="SunShineContactCloseURL()[pri:0, instance:SunShineContactRunner.SunShineContactTestRunner@5386659f]" started-at="2023-04-15T15:40:35 CDT" name="SunShineContactCloseURL" finished-at="2023-04-15T15:40:35 CDT" duration-ms="456" status="PASS">
          <reporter-output>
          </reporter-output>
        </test-method> <!-- SunShineContactCloseURL -->
      </class> <!-- SunShineContactRunner.SunShineContactTestRunner -->
    </test> <!-- Default test -->
  </suite> <!-- Default suite -->
</testng-results>
